<?xml version="1.0" encoding="UTF-8"?>
<testng-results ignored="0" total="1" passed="1" failed="0" skipped="0">
  <reporter-output>
  </reporter-output>
  <suite started-at="2022-11-04T00:10:06 IST" name="Default suite" finished-at="2022-11-04T00:10:19 IST" duration-ms="12939">
    <groups>
    </groups>
    <test started-at="2022-11-04T00:10:06 IST" name="Default test" finished-at="2022-11-04T00:10:19 IST" duration-ms="12939">
      <class name="TestCases.VerifySignup">
        <test-method signature="signup()[pri:0, instance:TestCases.VerifySignup@31c88ec8]" started-at="2022-11-04T00:10:06 IST" name="signup" finished-at="2022-11-04T00:10:19 IST" duration-ms="12881" status="PASS">
          <reporter-output>
          </reporter-output>
        </test-method> <!-- signup -->
      </class> <!-- TestCases.VerifySignup -->
    </test> <!-- Default test -->
  </suite> <!-- Default suite -->
</testng-results>
